-------------------------------------------------------------------------------
Test set: leetcode.stringReverseWords.SolutionTest
-------------------------------------------------------------------------------
Tests run: 1, Failures: 1, Errors: 0, Skipped: 0, Time elapsed: 0.018 s <<< FAILURE! - in leetcode.stringReverseWords.SolutionTest
testReverseWords  Time elapsed: 0.016 s  <<< FAILURE!
org.opentest4j.AssertionFailedError: Test failed for input: 'the sky is blue' ==> expected: <blue is sky the> but was: <   >
	at leetcode.stringReverseWords.SolutionTest.testReverseWords(SolutionTest.java:12)

